<?xml version="1.0" encoding="UTF-8"?>
<testsuite xmlns:xsi="http://www.w3.org/2001/XMLSchema-instance" xsi:noNamespaceSchemaLocation="https://maven.apache.org/surefire/maven-surefire-plugin/xsd/surefire-test-report-3.0.xsd" version="3.0" name="KeyListTest" time="0.37" tests="6" errors="0" skipped="0" failures="0">
  <properties>
    <property name="sun.desktop" value="windows"/>
    <property name="awt.toolkit" value="sun.awt.windows.WToolkit"/>
    <property name="java.specification.version" value="11"/>
    <property name="sun.cpu.isalist" value="amd64"/>
    <property name="sun.jnu.encoding" value="Cp1252"/>
    <property name="sun.awt.enableExtraMouseButtons" value="true"/>
    <property name="java.class.path" value="C:\Users\Mohammed Junaid Hani\Documents\Semester 2\CS341\Assignment\Assignment 1\snakegame\snakegametest\target\test-classes;C:\Users\Mohammed Junaid Hani\Documents\Semester 2\CS341\Assignment\Assignment 1\snakegame\snakegametest\target\classes;C:\Users\Mohammed Junaid Hani\.m2\repository\org\junit\jupiter\junit-jupiter-params\5.8.0\junit-jupiter-params-5.8.0.jar;C:\Users\Mohammed Junaid Hani\.m2\repository\org\junit\jupiter\junit-jupiter-api\5.8.0\junit-jupiter-api-5.8.0.jar;C:\Users\Mohammed Junaid Hani\.m2\repository\org\opentest4j\opentest4j\1.2.0\opentest4j-1.2.0.jar;C:\Users\Mohammed Junaid Hani\.m2\repository\org\junit\platform\junit-platform-commons\1.8.0\junit-platform-commons-1.8.0.jar;C:\Users\Mohammed Junaid Hani\.m2\repository\org\apiguardian\apiguardian-api\1.1.2\apiguardian-api-1.1.2.jar;"/>
    <property name="java.vm.vendor" value="Eclipse Foundation"/>
    <property name="sun.arch.data.model" value="64"/>
    <property name="user.variant" value=""/>
    <property name="java.vendor.url" value="https://adoptium.net/"/>
    <property name="user.timezone" value="Pacific/Fiji"/>
    <property name="user.country.format" value="FJ"/>
    <property name="java.vm.specification.version" value="11"/>
    <property name="os.name" value="Windows 10"/>
    <property name="user.country" value="GB"/>
    <property name="sun.java.launcher" value="SUN_STANDARD"/>
    <property name="sun.boot.library.path" value="C:\Program Files\Eclipse Foundation\jdk-11.0.12.7-hotspot\bin"/>
    <property name="sun.java.command" value="C:\Users\Mohammed Junaid Hani\AppData\Local\Temp\surefire17193237181071964970\surefirebooter6598049404064788052.jar C:\Users\Mohammed Junaid Hani\AppData\Local\Temp\surefire17193237181071964970 2021-10-09T17-00-26_288-jvmRun1 surefire11532848166085501879tmp surefire_0655842097356578011tmp"/>
    <property name="jdk.debug" value="release"/>
    <property name="surefire.test.class.path" value="C:\Users\Mohammed Junaid Hani\Documents\Semester 2\CS341\Assignment\Assignment 1\snakegame\snakegametest\target\test-classes;C:\Users\Mohammed Junaid Hani\Documents\Semester 2\CS341\Assignment\Assignment 1\snakegame\snakegametest\target\classes;C:\Users\Mohammed Junaid Hani\.m2\repository\org\junit\jupiter\junit-jupiter-params\5.8.0\junit-jupiter-params-5.8.0.jar;C:\Users\Mohammed Junaid Hani\.m2\repository\org\junit\jupiter\junit-jupiter-api\5.8.0\junit-jupiter-api-5.8.0.jar;C:\Users\Mohammed Junaid Hani\.m2\repository\org\opentest4j\opentest4j\1.2.0\opentest4j-1.2.0.jar;C:\Users\Mohammed Junaid Hani\.m2\repository\org\junit\platform\junit-platform-commons\1.8.0\junit-platform-commons-1.8.0.jar;C:\Users\Mohammed Junaid Hani\.m2\repository\org\apiguardian\apiguardian-api\1.1.2\apiguardian-api-1.1.2.jar;"/>
    <property name="sun.cpu.endian" value="little"/>
    <property name="user.home" value="C:\Users\Mohammed Junaid Hani"/>
    <property name="user.language" value="en"/>
    <property name="java.specification.vendor" value="Oracle Corporation"/>
    <property name="java.version.date" value="2021-07-20"/>
    <property name="java.home" value="C:\Program Files\Eclipse Foundation\jdk-11.0.12.7-hotspot"/>
    <property name="file.separator" value="\"/>
    <property name="basedir" value="C:\Users\Mohammed Junaid Hani\Documents\Semester 2\CS341\Assignment\Assignment 1\snakegame\snakegametest"/>
    <property name="java.vm.compressedOopsMode" value="32-bit"/>
    <property name="line.separator" value="&#10;"/>
    <property name="java.specification.name" value="Java Platform API Specification"/>
    <property name="java.vm.specification.vendor" value="Oracle Corporation"/>
    <property name="java.awt.graphicsenv" value="sun.awt.Win32GraphicsEnvironment"/>
    <property name="surefire.real.class.path" value="C:\Users\Mohammed Junaid Hani\AppData\Local\Temp\surefire17193237181071964970\surefirebooter6598049404064788052.jar"/>
    <property name="user.script" value=""/>
    <property name="sun.management.compiler" value="HotSpot 64-Bit Tiered Compilers"/>
    <property name="java.runtime.version" value="11.0.12+7"/>
    <property name="user.name" value="Mohammed Junaid Hani"/>
    <property name="path.separator" value=";"/>
    <property name="os.version" value="10.0"/>
    <property name="java.runtime.name" value="OpenJDK Runtime Environment"/>
    <property name="file.encoding" value="UTF-8"/>
    <property name="java.vm.name" value="OpenJDK 64-Bit Server VM"/>
    <property name="skipTests" value="false"/>
    <property name="java.vendor.version" value="Temurin-11.0.12+7"/>
    <property name="maven.ext.class.path" value="C:\Program Files\NetBeans-12.5\netbeans\java\maven-nblib\netbeans-eventspy.jar"/>
    <property name="localRepository" value="C:\Users\Mohammed Junaid Hani\.m2\repository"/>
    <property name="java.vendor.url.bug" value="https://github.com/adoptium/adoptium-support/issues"/>
    <property name="java.io.tmpdir" value="C:\Users\MOHAMM~1\AppData\Local\Temp\"/>
    <property name="java.version" value="11.0.12"/>
    <property name="user.dir" value="C:\Users\Mohammed Junaid Hani\Documents\Semester 2\CS341\Assignment\Assignment 1\snakegame\snakegametest"/>
    <property name="os.arch" value="amd64"/>
    <property name="java.vm.specification.name" value="Java Virtual Machine Specification"/>
    <property name="java.awt.printerjob" value="sun.awt.windows.WPrinterJob"/>
    <property name="sun.os.patch.level" value=""/>
    <property name="java.library.path" value="C:\Program Files\Eclipse Foundation\jdk-11.0.12.7-hotspot\bin;C:\WINDOWS\Sun\Java\bin;C:\WINDOWS\system32;C:\WINDOWS;C:\Program Files\Eclipse Foundation\jdk-11.0.12.7-hotspot\bin;C:\Program Files (x86)\Common Files\Oracle\Java\javapath;C:\WINDOWS\system32;C:\WINDOWS;C:\WINDOWS\System32\Wbem;C:\WINDOWS\System32\WindowsPowerShell\v1.0\;C:\WINDOWS\System32\OpenSSH\;C:\Program Files\Acer ProShield\;C:\Program Files\Acer ProShield\x86;C:\Program Files\Git\cmd;C:\Program Files\Docker\Docker\resources\bin;C:\ProgramData\DockerDesktop\version-bin;C:\Users\Mohammed Junaid Hani\AppData\Local\Microsoft\WindowsApps;C:\Users\Mohammed Junaid Hani\AppData\Local\Programs\Microsoft VS Code\bin;C:\xampp\php;C:\Users\Mohammed Junaid Hani\AppData\Local\ComposerSetup\bin;C:\Users\Mohammed Junaid Hani\AppData\Roaming\Composer\vendor\bin;C:\Users\Mohammed Junaid Hani\AppData\Local\GitHubDesktop\bin;C:\Users\Mohammed Junaid Hani\flutter\bin;;."/>
    <property name="java.vm.info" value="mixed mode"/>
    <property name="java.vendor" value="Eclipse Foundation"/>
    <property name="java.vm.version" value="11.0.12+7"/>
    <property name="sun.io.unicode.encoding" value="UnicodeLittle"/>
    <property name="java.class.version" value="55.0"/>
  </properties>
  <testcase name="shouldnotWorkForPressSomekey" classname="KeyListTest" time="0.239">
    <system-out><![CDATA[I should be printed before all the tests commence! KeyListTest
I am Instantiating the User Test Scripts! KeyListTest
Just completed a test! KeyListTest
]]></system-out>
  </testcase>
  <testcase name="shouldWorkForPressdown" classname="KeyListTest" time="0.031">
    <system-out><![CDATA[I am Instantiating the User Test Scripts! KeyListTest
Just completed a test! KeyListTest
]]></system-out>
  </testcase>
  <testcase name="shouldWorkForPressleft" classname="KeyListTest" time="0">
    <system-out><![CDATA[I am Instantiating the User Test Scripts! KeyListTest
Just completed a test! KeyListTest
]]></system-out>
  </testcase>
  <testcase name="shouldWorkForPressright" classname="KeyListTest" time="0">
    <system-out><![CDATA[COLISION! 

I am Instantiating the User Test Scripts! KeyListTest
Just completed a test! KeyListTest
]]></system-out>
  </testcase>
  <testcase name="shouldWorkForAllkeys" classname="KeyListTest" time="0.016">
    <system-out><![CDATA[I am Instantiating the User Test Scripts! KeyListTest
Just completed a test! KeyListTest
]]></system-out>
  </testcase>
  <testcase name="shouldWorkForPressup" classname="KeyListTest" time="0">
    <system-out><![CDATA[I am Instantiating the User Test Scripts! KeyListTest
Just completed a test! KeyListTest
]]></system-out>
  </testcase>
</testsuite>